<?xml version="1.0" encoding="UTF-8"?>
<!-- Generated by org.testng.reporters.JUnitReportReporter -->
<testsuite skipped="0" hostname="vishal" name="TestRunnerPackage.TestRunner" tests="1" failures="0" timestamp="2020-07-02T15:32:45 IST" time="51.458" errors="0">
  <testcase name="feature" time="51.458" classname="TestRunnerPackage.TestRunner"/>
  <system-out/>
</testsuite> <!-- TestRunnerPackage.TestRunner -->
