<?xml version="1.0" encoding="UTF-8"?>
<!-- Generated by org.testng.reporters.JUnitReportReporter -->
<testsuite skipped="0" hostname="vishal" name="automation.scratch_framework.HomePage" tests="3" failures="0" timestamp="2020-07-02T15:35:41 IST" time="12.113" errors="0">
  <testcase name="basePageNavigation" time="2.042" classname="automation.scratch_framework.HomePage"/>
  <system-out/>
  <testcase name="basePageNavigation" time="7.830" classname="automation.scratch_framework.HomePage"/>
  <system-out/>
  <testcase name="basePageNavigation" time="2.241" classname="automation.scratch_framework.HomePage"/>
  <system-out/>
</testsuite> <!-- automation.scratch_framework.HomePage -->
